<?xml version="1.0" encoding="UTF-8"?>
<testsuite name="UtilityTest" tests="1" skipped="0" failures="0" errors="0" timestamp="2020-07-16T10:46:54" hostname="Javeeths-MacBook-Pro.local" time="0.221">
  <properties/>
  <testcase name="validateGenericDeserializationMethod" classname="UtilityTest" time="0.221"/>
  <system-out><![CDATA[]]></system-out>
  <system-err><![CDATA[]]></system-err>
</testsuite>
